<?xml version="1.0" encoding="UTF-8"?>
<testsuite xmlns:xsi="http://www.w3.org/2001/XMLSchema-instance" xsi:noNamespaceSchemaLocation="https://maven.apache.org/surefire/maven-surefire-plugin/xsd/surefire-test-report-3.0.xsd" version="3.0" name="TestRunner" time="0.421" tests="0" errors="0" skipped="0" failures="0">
  <properties>
    <property name="java.specification.version" value="19"/>
    <property name="sun.jnu.encoding" value="UTF-8"/>
    <property name="java.class.path" value="/Users/trabbani/Downloads/KarateFrameWork/target/test-classes:/Users/trabbani/Downloads/KarateFrameWork/target/classes:/Users/trabbani/.m2/repository/com/intuit/karate/karate-core/1.0.1/karate-core-1.0.1.jar:/Users/trabbani/.m2/repository/org/graalvm/js/js-scriptengine/21.0.0/js-scriptengine-21.0.0.jar:/Users/trabbani/.m2/repository/org/graalvm/sdk/graal-sdk/21.0.0/graal-sdk-21.0.0.jar:/Users/trabbani/.m2/repository/org/graalvm/js/js/21.0.0/js-21.0.0.jar:/Users/trabbani/.m2/repository/org/graalvm/regex/regex/21.0.0/regex-21.0.0.jar:/Users/trabbani/.m2/repository/org/graalvm/truffle/truffle-api/21.0.0/truffle-api-21.0.0.jar:/Users/trabbani/.m2/repository/com/ibm/icu/icu4j/67.1/icu4j-67.1.jar:/Users/trabbani/.m2/repository/ch/qos/logback/logback-classic/1.2.3/logback-classic-1.2.3.jar:/Users/trabbani/.m2/repository/ch/qos/logback/logback-core/1.2.3/logback-core-1.2.3.jar:/Users/trabbani/.m2/repository/org/slf4j/slf4j-api/1.7.25/slf4j-api-1.7.25.jar:/Users/trabbani/.m2/repository/org/slf4j/jcl-over-slf4j/1.7.25/jcl-over-slf4j-1.7.25.jar:/Users/trabbani/.m2/repository/com/jayway/jsonpath/json-path/2.5.0/json-path-2.5.0.jar:/Users/trabbani/.m2/repository/net/minidev/json-smart/2.3/json-smart-2.3.jar:/Users/trabbani/.m2/repository/net/minidev/accessors-smart/1.2/accessors-smart-1.2.jar:/Users/trabbani/.m2/repository/org/ow2/asm/asm/5.0.4/asm-5.0.4.jar:/Users/trabbani/.m2/repository/info/cukes/cucumber-java/1.2.5/cucumber-java-1.2.5.jar:/Users/trabbani/.m2/repository/info/cukes/cucumber-core/1.2.5/cucumber-core-1.2.5.jar:/Users/trabbani/.m2/repository/org/yaml/snakeyaml/1.27/snakeyaml-1.27.jar:/Users/trabbani/.m2/repository/de/siegmar/fastcsv/1.0.4/fastcsv-1.0.4.jar:/Users/trabbani/.m2/repository/info/picocli/picocli/4.5.2/picocli-4.5.2.jar:/Users/trabbani/.m2/repository/com/intuit/karate/karate-apache/0.9.6/karate-apache-0.9.6.jar:/Users/trabbani/.m2/repository/org/apache/httpcomponents/httpclient/4.5.12/httpclient-4.5.12.jar:/Users/trabbani/.m2/repository/org/apache/httpcomponents/httpcore/4.4.13/httpcore-4.4.13.jar:/Users/trabbani/.m2/repository/commons-codec/commons-codec/1.11/commons-codec-1.11.jar:/Users/trabbani/.m2/repository/org/apache/httpcomponents/httpmime/4.5.12/httpmime-4.5.12.jar:/Users/trabbani/.m2/repository/com/intuit/karate/karate-junit4/1.0.1/karate-junit4-1.0.1.jar:/Users/trabbani/.m2/repository/junit/junit/4.13.1/junit-4.13.1.jar:/Users/trabbani/.m2/repository/org/hamcrest/hamcrest-core/1.3/hamcrest-core-1.3.jar:"/>
    <property name="java.vm.vendor" value="Oracle Corporation"/>
    <property name="sun.arch.data.model" value="64"/>
    <property name="karate.env" value="dev"/>
    <property name="java.vendor.url" value="https://java.oracle.com/"/>
    <property name="os.name" value="Mac OS X"/>
    <property name="java.vm.specification.version" value="19"/>
    <property name="sun.java.launcher" value="SUN_STANDARD"/>
    <property name="user.country" value="GB"/>
    <property name="sun.boot.library.path" value="/Users/trabbani/Library/Java/JavaVirtualMachines/openjdk-19.0.2/Contents/Home/lib"/>
    <property name="sun.java.command" value="/Users/trabbani/Downloads/KarateFrameWork/target/surefire/surefirebooter-20230322171006714_3.jar /Users/trabbani/Downloads/KarateFrameWork/target/surefire 2023-03-22T17-10-06_628-jvmRun1 surefire-20230322171006714_1tmp surefire_0-20230322171006714_2tmp"/>
    <property name="http.nonProxyHosts" value="local|*.local|169.254/16|*.169.254/16"/>
    <property name="jdk.debug" value="release"/>
    <property name="surefire.test.class.path" value="/Users/trabbani/Downloads/KarateFrameWork/target/test-classes:/Users/trabbani/Downloads/KarateFrameWork/target/classes:/Users/trabbani/.m2/repository/com/intuit/karate/karate-core/1.0.1/karate-core-1.0.1.jar:/Users/trabbani/.m2/repository/org/graalvm/js/js-scriptengine/21.0.0/js-scriptengine-21.0.0.jar:/Users/trabbani/.m2/repository/org/graalvm/sdk/graal-sdk/21.0.0/graal-sdk-21.0.0.jar:/Users/trabbani/.m2/repository/org/graalvm/js/js/21.0.0/js-21.0.0.jar:/Users/trabbani/.m2/repository/org/graalvm/regex/regex/21.0.0/regex-21.0.0.jar:/Users/trabbani/.m2/repository/org/graalvm/truffle/truffle-api/21.0.0/truffle-api-21.0.0.jar:/Users/trabbani/.m2/repository/com/ibm/icu/icu4j/67.1/icu4j-67.1.jar:/Users/trabbani/.m2/repository/ch/qos/logback/logback-classic/1.2.3/logback-classic-1.2.3.jar:/Users/trabbani/.m2/repository/ch/qos/logback/logback-core/1.2.3/logback-core-1.2.3.jar:/Users/trabbani/.m2/repository/org/slf4j/slf4j-api/1.7.25/slf4j-api-1.7.25.jar:/Users/trabbani/.m2/repository/org/slf4j/jcl-over-slf4j/1.7.25/jcl-over-slf4j-1.7.25.jar:/Users/trabbani/.m2/repository/com/jayway/jsonpath/json-path/2.5.0/json-path-2.5.0.jar:/Users/trabbani/.m2/repository/net/minidev/json-smart/2.3/json-smart-2.3.jar:/Users/trabbani/.m2/repository/net/minidev/accessors-smart/1.2/accessors-smart-1.2.jar:/Users/trabbani/.m2/repository/org/ow2/asm/asm/5.0.4/asm-5.0.4.jar:/Users/trabbani/.m2/repository/info/cukes/cucumber-java/1.2.5/cucumber-java-1.2.5.jar:/Users/trabbani/.m2/repository/info/cukes/cucumber-core/1.2.5/cucumber-core-1.2.5.jar:/Users/trabbani/.m2/repository/org/yaml/snakeyaml/1.27/snakeyaml-1.27.jar:/Users/trabbani/.m2/repository/de/siegmar/fastcsv/1.0.4/fastcsv-1.0.4.jar:/Users/trabbani/.m2/repository/info/picocli/picocli/4.5.2/picocli-4.5.2.jar:/Users/trabbani/.m2/repository/com/intuit/karate/karate-apache/0.9.6/karate-apache-0.9.6.jar:/Users/trabbani/.m2/repository/org/apache/httpcomponents/httpclient/4.5.12/httpclient-4.5.12.jar:/Users/trabbani/.m2/repository/org/apache/httpcomponents/httpcore/4.4.13/httpcore-4.4.13.jar:/Users/trabbani/.m2/repository/commons-codec/commons-codec/1.11/commons-codec-1.11.jar:/Users/trabbani/.m2/repository/org/apache/httpcomponents/httpmime/4.5.12/httpmime-4.5.12.jar:/Users/trabbani/.m2/repository/com/intuit/karate/karate-junit4/1.0.1/karate-junit4-1.0.1.jar:/Users/trabbani/.m2/repository/junit/junit/4.13.1/junit-4.13.1.jar:/Users/trabbani/.m2/repository/org/hamcrest/hamcrest-core/1.3/hamcrest-core-1.3.jar:"/>
    <property name="sun.cpu.endian" value="little"/>
    <property name="user.home" value="/Users/trabbani"/>
    <property name="user.language" value="en"/>
    <property name="java.specification.vendor" value="Oracle Corporation"/>
    <property name="java.version.date" value="2023-01-17"/>
    <property name="java.home" value="/Users/trabbani/Library/Java/JavaVirtualMachines/openjdk-19.0.2/Contents/Home"/>
    <property name="file.separator" value="/"/>
    <property name="basedir" value="/Users/trabbani/Downloads/KarateFrameWork"/>
    <property name="java.vm.compressedOopsMode" value="Zero based"/>
    <property name="line.separator" value="&#10;"/>
    <property name="java.vm.specification.vendor" value="Oracle Corporation"/>
    <property name="java.specification.name" value="Java Platform API Specification"/>
    <property name="apple.awt.application.name" value="ForkedBooter"/>
    <property name="surefire.real.class.path" value="/Users/trabbani/Downloads/KarateFrameWork/target/surefire/surefirebooter-20230322171006714_3.jar"/>
    <property name="sun.management.compiler" value="HotSpot 64-Bit Tiered Compilers"/>
    <property name="ftp.nonProxyHosts" value="local|*.local|169.254/16|*.169.254/16"/>
    <property name="java.runtime.version" value="19.0.2+7-44"/>
    <property name="user.name" value="trabbani"/>
    <property name="stdout.encoding" value="UTF-8"/>
    <property name="path.separator" value=":"/>
    <property name="os.version" value="12.6.3"/>
    <property name="java.runtime.name" value="OpenJDK Runtime Environment"/>
    <property name="file.encoding" value="UTF-8"/>
    <property name="java.vm.name" value="OpenJDK 64-Bit Server VM"/>
    <property name="localRepository" value="/Users/trabbani/.m2/repository"/>
    <property name="java.vendor.url.bug" value="https://bugreport.java.com/bugreport/"/>
    <property name="java.io.tmpdir" value="/var/folders/c3/ch25x3nd2_38nsn113ml3tr80000gp/T/"/>
    <property name="java.version" value="19.0.2"/>
    <property name="user.dir" value="/Users/trabbani/Downloads/KarateFrameWork"/>
    <property name="os.arch" value="x86_64"/>
    <property name="java.vm.specification.name" value="Java Virtual Machine Specification"/>
    <property name="native.encoding" value="UTF-8"/>
    <property name="java.library.path" value="/Users/trabbani/Library/Java/Extensions:/Library/Java/Extensions:/Network/Library/Java/Extensions:/System/Library/Java/Extensions:/usr/lib/java:."/>
    <property name="java.vm.info" value="mixed mode, sharing"/>
    <property name="stderr.encoding" value="UTF-8"/>
    <property name="java.vendor" value="Oracle Corporation"/>
    <property name="java.vm.version" value="19.0.2+7-44"/>
    <property name="sun.io.unicode.encoding" value="UnicodeBig"/>
    <property name="socksNonProxyHosts" value="local|*.local|169.254/16|*.169.254/16"/>
    <property name="java.class.version" value="63.0"/>
  </properties>
</testsuite>